<?xml version="1.0" encoding="UTF-8"?>
<testng-results ignored="0" total="1" passed="1" failed="0" skipped="0">
  <reporter-output>
  </reporter-output>
  <suite started-at="2025-01-07T10:35:27 IST" name="Suite" finished-at="2025-01-07T10:35:59 IST" duration-ms="32024">
    <groups>
    </groups>
    <test started-at="2025-01-07T10:35:27 IST" name="Test" finished-at="2025-01-07T10:35:59 IST" duration-ms="32024">
      <class name="testcases.TC_04_Recordperpage">
        <test-method is-config="true" signature="openapp(java.lang.String,java.lang.String)[pri:0, instance:testcases.TC_04_Recordperpage@1f59a598]" started-at="2025-01-07T10:35:30 IST" name="openapp" finished-at="2025-01-07T10:35:44 IST" duration-ms="14475" status="PASS">
          <params>
            <param index="0">
              <value>
                <![CDATA[chrome]]>
              </value>
            </param>
            <param index="1">
              <value>
                <![CDATA[https://qa-pos.w3testing.com/login]]>
              </value>
            </param>
          </params>
          <reporter-output>
          </reporter-output>
        </test-method> <!-- openapp -->
        <test-method signature="records()[pri:0, instance:testcases.TC_04_Recordperpage@1f59a598]" started-at="2025-01-07T10:35:44 IST" name="records" finished-at="2025-01-07T10:35:58 IST" duration-ms="14103" status="PASS">
          <reporter-output>
          </reporter-output>
        </test-method> <!-- records -->
        <test-method is-config="true" signature="closeApp()[pri:0, instance:testcases.TC_04_Recordperpage@1f59a598]" started-at="2025-01-07T10:35:59 IST" name="closeApp" finished-at="2025-01-07T10:35:59 IST" duration-ms="775" status="PASS">
          <reporter-output>
          </reporter-output>
        </test-method> <!-- closeApp -->
      </class> <!-- testcases.TC_04_Recordperpage -->
    </test> <!-- Test -->
  </suite> <!-- Suite -->
</testng-results>
